<?xml version="1.0" encoding="UTF-8"?>
<!-- Generated by org.testng.reporters.JUnitReportReporter -->
<testsuite hostname="RUDRAPRASAD" failures="0" tests="4" name="com.abouv.Welcome" time="30.524" errors="0" timestamp="2024-09-26T21:32:45 IST" skipped="0">
  <testcase classname="com.abouv.Welcome" name="signUp" time="1.147"/>
  <system-out/>
  <testcase classname="com.abouv.Welcome" name="clickSkip" time="0.577"/>
  <system-out/>
  <testcase classname="com.abouv.Welcome" name="signUpUsingMobile" time="0.534"/>
  <system-out/>
  <testcase classname="com.abouv.Welcome" name="enterOtpManually" time="28.266"/>
  <system-out/>
</testsuite> <!-- com.abouv.Welcome -->
